<?xml version="1.0" encoding="UTF-8"?>
<testsuite name="Matrix" tests="4" skipped="0" failures="0" errors="0" timestamp="2024-01-09T08:20:34" hostname="DESKTOP-0D469JJ" time="0.983">
  <properties/>
  <testcase name="Determinant" classname="Matrix" time="0.955"/>
  <testcase name="Transpose" classname="Matrix" time="0.011"/>
  <testcase name="Inverse" classname="Matrix" time="0.011"/>
  <testcase name="Cofactor" classname="Matrix" time="0.006"/>
  <system-out><![CDATA[]]></system-out>
  <system-err><![CDATA[]]></system-err>
</testsuite>
